Base path: /Applications/Unity/Unity.app/Contents
Pipe name: \\.\pipe\UnityShaderCompiler-1--1594953260
Cmd: getPlatforms
Cmd: preprocess
  insize=963 outsize=1346 ok=1
Cmd: compileSnippet
  api=0 type=0 insize=4930 outsize=1509 kw=DIRECTIONAL SHADOWS_OFF LIGHTMAP_OFF DIRLIGHTMAP_OFF ok=1
Cmd: compileSnippet
  api=0 type=1 insize=4930 outsize=832 kw=DIRECTIONAL SHADOWS_OFF LIGHTMAP_OFF DIRLIGHTMAP_OFF ok=1
Cmd: compileSnippet
  api=0 type=0 insize=2653 outsize=1117 kw=POINT ok=1
Cmd: compileSnippet
  api=0 type=1 insize=2653 outsize=752 kw=POINT ok=1
Cmd: compileSnippet
  api=0 type=0 insize=2658 outsize=924 kw= ok=1
Cmd: compileSnippet
  api=0 type=1 insize=2658 outsize=466 kw= ok=1
Cmd: compileSnippet
  api=0 type=0 insize=4606 outsize=1406 kw=LIGHTMAP_OFF DIRLIGHTMAP_OFF HDR_LIGHT_PREPASS_OFF ok=1
Cmd: compileSnippet
  api=0 type=1 insize=4606 outsize=805 kw=LIGHTMAP_OFF DIRLIGHTMAP_OFF HDR_LIGHT_PREPASS_OFF ok=1
